
          -------------------------------------------------------
          Amber 6  SANDER                   Scripps/UCSF 1999
          -------------------------------------------------------

|         Tue Nov 23 17:11:06 1999

  [-O]verwriting output

File Assignments:
|MDIN : mdin                                                                  
|MDOUT: sander.out                                                            
|INPCR: prmcrd                                                                
|PARM : prmtop                                                                
|RESTR: restrt                                                                
|REFC : refc                                                                  
|MDVEL: mdvel                                                                 
|MDEN : mden                                                                  
|MDCRD: mdcrd                                                                 
|MDINF: mdinfo                                                                


 Here is the input file:

  basic test file for sander                                                   
                                                                               
#  get single point calculation                                                
                                                                               
 &cntrl                                                                        
    imin=1, maxcyc=1, ntb=0, igb=2,                                            
    cut=99., scnb=1.0, scee=1.0,                                               
 &end                                                                          
-------------------------------------------------------------------------------

  basic test file for sander                                                    



   1.  RESOURCE   USE: 

 NATOM  =      31 NTYPES =      13 NBONH =      16 MBONA  =      14
 NTHETH =      34 MTHETA =      19 NPHIH =      54 MPHIA  =      22
 NHPARM =       0 NPARM  =       0 NNB   =     159 NRES   =       2
 NBONA  =      14 NTHETA =      19 NPHIA =      22 NUMBND =      29
 NUMANG =      62 NPTRA  =      61 NATYP =      13 NPHB   =       0
 IFBOX  =       0 NMXRS  =      16 IFCAP =       0


|     Memory Use     Allocated         Used
|     Real             2500000         1222
|     Hollerith         600000          190
|     Integer          2000000        81327


   2.  CONTROL  DATA  FOR  THE  RUN

  link for crambin                                                              

     TIMLIM=  999999.   IREST =    0       IBELLY=    0
     IMIN  =    1
     IPOL  =    0

     NTX   =    1       NTXO  =    1
     IG    =    71277   TEMPI =     0.00   HEAT  =    0.000

     NTB   =    0       BOXX  =    0.000
     BOXY  =    0.000   BOXZ  =    0.000

     NTT   =    0       TEMP0 =  300.000
     DTEMP =    0.000   TAUTP =    1.000
     VLIMIT=    0.000

     NTP   =    0       PRES0 =    1.000   COMP  =   44.600
     TAUP  =    0.200   NPSCAL=    0

     NTCM  =    0       NSCM  = 9999999

     NSTLIM=    1       NTU   =    1
     T     =    0.000   DT    =   0.00100

     NTC   =    1       TOL   =   0.00001  JFASTW =    0

     NTF   =    1       NSNB  =   25

     CUT   =   99.000   SCNB  =    1.000
     SCEE  =    1.000   DIELC =    1.000

     NTPR  =      50    NTWR  =      50    NTWX  =       0
     NTWV  =       0    NTWE  =       0    IOUTFM=       0
     NTWPRT=       0    NTWPR0=       0    NTAVE=       0

     NTR   =    0       NTRX  =    1
     TAUR  =   0.00000     NMROPT=    0       PENCUT=   0.10000

     IVCAP =    0       MATCAP=    0       FCAP  =    1.500

   OTHER DATA:

     IFCAP =    0       NATCAP=    0       CUTCAP=    0.000
     XCAP  =    0.000   YCAP  =    0.000   ZCAP  =    0.000

     VRAND=    0

     NATOM =      31  NRES =      2

     MAXCYC=    1     NCYC  =   10     NTMIN =    1     DX0   =  0.010000
     DXM   =  0.50000  DRMS  =   0.00010

     Water definition for fast triangulated model:
     Resname = WAT ; Oxygen_name = O   ; Hyd1_name = H1  ; Hyd2_name = H2  

   3.  ATOMIC COORDINATES AND VELOCITIES

  link for crambin                                                              
 begin time read from input coords =     0.000 ps

 Number of triangulated 3-point waters found:        0
 Urey-Bradley energy:   0.1174928094723762    
 Urey-Bradley energy:   0.3248810903587143    


   NSTEP       ENERGY          RMS            GMAX         NAME    NUMBER
      1      -1.9164E+01     1.3473E+01     4.8667E+01     C          29

 BOND    =        3.0213  ANGLE   =        4.2436  DIHED      =        9.1727
 VDWAALS =       -1.9661  EEL     =     -169.2977  HBOND      =        0.0000
 1-4 VDW =        7.4442  1-4 EEL =      128.2180  CONSTRAINT =        0.0000
  MAXIMUM NUMBER OF F EVALUATION EXCEEDED


                    FINAL RESULTS



   NSTEP       ENERGY          RMS            GMAX         NAME    NUMBER
      1      -1.9164E+01     1.3473E+01     4.8667E+01     C          29

 BOND    =        3.0213  ANGLE   =        4.2436  DIHED      =        9.1727
 VDWAALS =       -1.9661  EEL     =     -169.2977  HBOND      =        0.0000
 1-4 VDW =        7.4442  1-4 EEL =      128.2180  CONSTRAINT =        0.0000
| 
|         ELAPSED TIME =      0.041     TOTAL TIME =      0.041
| 
| 
|     Routine         Sec       %
|     ----------------------------
|     Nonbond        0.00    0.46
|     Bond           0.00    0.50
|     Angle          0.00    2.16
|     Dihedral       0.00    3.05
|     Shake          0.00    0.00
|     GBrad          0.00    0.00
|     Force          0.00    0.00
|     Other          0.04   93.83
|     ----------------------------
|     Total          0.04    0.00 Hours

|     Nonsetup       0.01   26.92%

| Highest rstack allocated:          0
|           MAX_RSTACK =    1600000

| Highest istack allocated:          0
|           MAX_ISTACK =     100000

|     Setup wallclock           0 seconds
|     Nonsetup wallclock        0 seconds
