log started: Wed Feb 26 09:43:38 2014

Log file: ./atomic_ions.log
> #
> #       Monoatomic ions using PDB-standard atom & residue names where
> #       applicable; for Na+, K+ and Cl-, also add units with the older
> #       Amber names, for backwards compatibility.  But people should be
> #       moving to the PDB standard nomenclature
> #
> 
> i = createAtom BR Br- -1.0
> set i element Br
> set i position { 0 0 0 }
> r = createResidue BR
> add r i
> BR = createUnit BR
> add BR r
> saveOff BR ./atomic_ions.lib
 Creating ./atomic_ions.lib
Saving BR.
Building topology.
Building atom parameters.
> 
> i = createAtom CL Cl- -1.0
> set i element Cl
> set i position { 0 0 0 }
> r = createResidue CL
> add r i
> CL = createUnit CL
> add CL r
> saveOff CL ./atomic_ions.lib
Saving CL.
Building topology.
Building atom parameters.
> 
> #  duplicate for backwards compatibility
> i = createAtom Cl- Cl- -1.0
> set i element Cl
> set i position { 0 0 0 }
> r = createResidue Cl-
> add r i
> Cl- = createUnit Cl-
> add Cl- r
> saveOff Cl- ./atomic_ions.lib
Saving Cl-.
Building topology.
Building atom parameters.
> 
> i = createAtom CS Cs+ 1.0
> set i element Cs
> set i position { 0 0 0 }
> r = createResidue CS
> add r i
> CS = createUnit CS
> add CS r
> saveOff CS ./atomic_ions.lib
Saving CS.
Building topology.
Building atom parameters.
> 
> i = createAtom F F- -1.0
> set i element F
> set i position { 0 0 0 }
> r = createResidue F
> add r i
> F = createUnit F
> add F r
> saveOff F ./atomic_ions.lib
Saving F.
Building topology.
Building atom parameters.
> 
> i = createAtom I I- -1.0
> set i element I
> set i position { 0 0 0 }
> r = createResidue IOD
> add r i
> IOD = createUnit IOD
> add IOD r
> saveOff IOD ./atomic_ions.lib
Saving IOD.
Building topology.
Building atom parameters.
> 
> i = createAtom K K+ 1.0
> set i element K
> set i position { 0 0 0 }
> r = createResidue K
> add r i
> K = createUnit K
> add K r
> saveOff K ./atomic_ions.lib
Saving K.
Building topology.
Building atom parameters.
> 
> # duplicate for backwards compatibility
> i = createAtom K+ K+ 1.0
> set i element K
The value must be of the type: String
> set i position { 0 0 0 }
> r = createResidue K+
> add r i
> K+ = createUnit K+
> add K+ r
> saveOff K+ ./atomic_ions.lib
Saving K+.
Building topology.
Building atom parameters.
> 
> i = createAtom LI Li+ 1.0
> set i element Li
> set i position { 0 0 0 }
> r = createResidue LI
> add r i
> LI = createUnit LI
> add LI r
> saveOff LI ./atomic_ions.lib
Saving LI.
Building topology.
Building atom parameters.
> 
> i = createAtom NA Na+ 1.0
> set i element Na
> set i position { 0 0 0 }
> r = createResidue NA
> add r i
> NA = createUnit NA
> add NA r
> saveOff NA ./atomic_ions.lib
Saving NA.
Building topology.
Building atom parameters.
> 
> #  duplicate with old names for backwards compatibility
> i = createAtom Na+ Na+ 1.0
> set i element Na
> set i position { 0 0 0 }
> r = createResidue Na+
> add r i
> Na+ = createUnit Na+
> add Na+ r
> saveOff Na+ ./atomic_ions.lib
Saving Na+.
Building topology.
Building atom parameters.
> 
> i = createAtom RB Rb+ 1.0
> set i element Rb
> set i position { 0 0 0 }
> r = createResidue RB
> add r i
> RB = createUnit RB
> add RB r
> saveOff RB ./atomic_ions.lib
Saving RB.
Building topology.
Building atom parameters.
> 
> #Be
> i = createAtom Be Be2+ 2.0
> set i element Be
> set i position { 0 0 0 }
> r = createResidue Be
> add r i
> Be = createUnit Be
> add Be r
> saveOff Be ./atomic_ions.lib
Saving Be.
Building topology.
Building atom parameters.
> 
> #CU  
> i = createAtom CU Cu2+ 2.0
> set i element Cu
> set i position { 0 0 0 }
> r = createResidue CU
> add r i
> CU = createUnit CU
> add CU r
> saveOff CU ./atomic_ions.lib
Saving CU.
Building topology.
Building atom parameters.
>  
> #NI
> i = createAtom NI Ni2+ 2.0
> set i element Ni
> set i position { 0 0 0 }
> r = createResidue NI
> add r i
> NI = createUnit NI
> add NI r
> saveOff NI ./atomic_ions.lib
Saving NI.
Building topology.
Building atom parameters.
> 
> #PT
> i = createAtom PT Pt2+ 2.0
> set i element Pt
> set i position { 0 0 0 }
> r = createResidue PT
> add r i
> PT = createUnit PT
> add PT r
> saveOff PT ./atomic_ions.lib
Saving PT.
Building topology.
Building atom parameters.
> 
> #ZN  
> i = createAtom ZN Zn2+ 2.0
> set i element Zn
> set i position { 0 0 0 }
> r = createResidue ZN
> add r i
> ZN = createUnit ZN
> add ZN r
> saveOff ZN ./atomic_ions.lib
Saving ZN.
Building topology.
Building atom parameters.
> 
> #CO 
> i = createAtom CO Co2+ 2.0
> set i element Co
> set i position { 0 0 0 }
> r = createResidue CO
> add r i
> CO = createUnit CO
> add CO r
> saveOff CO ./atomic_ions.lib
Saving CO.
Building topology.
Building atom parameters.
> 
> #PD  
> i = createAtom PD Pd2+ 2.0
> set i element Pd
> set i position { 0 0 0 }
> r = createResidue PD
> add r i
> PD = createUnit PD
> add PD r
> saveOff PD ./atomic_ions.lib
Saving PD.
Building topology.
Building atom parameters.
> 
> #AG
> i = createAtom Ag Ag2+ 2.0
> set i element Ag
> set i position { 0 0 0 }
> r = createResidue Ag
> add r i
> Ag = createUnit Ag
> add Ag r
> saveOff Ag ./atomic_ions.lib
Saving Ag.
Building topology.
Building atom parameters.
> 
> #CR
> i = createAtom Cr Cr2+ 2.0
> set i element Cr
> set i position { 0 0 0 }
> r = createResidue Cr
> add r i
> Cr = createUnit Cr
> add Cr r
> saveOff Cr ./atomic_ions.lib
Saving Cr.
Building topology.
Building atom parameters.
> 
> #FE2
> i = createAtom FE2 Fe2+ 2.0
> set i element Fe
> set i position { 0 0 0 }
> r = createResidue FE2
> add r i
> FE2 = createUnit FE2
> add FE2 r
> saveOff FE2 ./atomic_ions.lib
Saving FE2.
Building topology.
Building atom parameters.
> 
> #MG  
> i = createAtom MG Mg2+ 2.0
> set i element Mg
> set i position { 0 0 0 }
> r = createResidue MG
> add r i
> MG = createUnit MG
> add MG r
> saveOff MG ./atomic_ions.lib
Saving MG.
Building topology.
Building atom parameters.
>  
> #V2+
> i = createAtom V2+ V2+ 2.0
> set i element V
> set i position { 0 0 0 }
> r = createResidue V2+
> add r i
> V2+ = createUnit V2+
> add V2+ r
> saveOff V2+ ./atomic_ions.lib
Saving V2+.
Building topology.
Building atom parameters.
> 
> #MN
> i = createAtom MN Mn2+ 2.0
> set i element Mn
> set i position { 0 0 0 }
> r = createResidue MN
> add r i
> MN = createUnit MN
> add MN r
> saveOff MN ./atomic_ions.lib
Saving MN.
Building topology.
Building atom parameters.
> 
> #HG
> i = createAtom HG Hg2+ 2.0
> set i element Hg
> set i position { 0 0 0 }
> r = createResidue HG
> add r i
> HG = createUnit HG
> add HG r
> saveOff HG ./atomic_ions.lib
Saving HG.
Building topology.
Building atom parameters.
> 
> #CD  
> i = createAtom CD Cd2+ 2.0
> set i element Cd
> set i position { 0 0 0 }
> r = createResidue CD
> add r i
> CD = createUnit CD
> add CD r
> saveOff CD ./atomic_ions.lib
Saving CD.
Building topology.
Building atom parameters.
> 
> #YB2  
> i = createAtom YB2 Yb2+ 2.0
> set i element Yb
Unknown element: Yb
> set i position { 0 0 0 }
> r = createResidue YB2
> add r i
> YB2 = createUnit YB2
> add YB2 r
> saveOff YB2 ./atomic_ions.lib
Saving YB2.
Building topology.
Building atom parameters.
> 
> #CA  
> i = createAtom CA Ca2+ 2.0
> set i element Ca
> set i position { 0 0 0 }
> r = createResidue CA
> add r i
> CA = createUnit CA
> add CA r
> saveOff CA ./atomic_ions.lib
Saving CA.
Building topology.
Building atom parameters.
> 
> #SN
> i = createAtom Sn Sn2+ 2.0
> set i element Sn
> set i position { 0 0 0 }
> r = createResidue Sn
> add r i
> Sn = createUnit Sn
> add Sn r
> saveOff Sn ./atomic_ions.lib
Saving Sn.
Building topology.
Building atom parameters.
> 
> #PB  
> i = createAtom PB Pb2+ 2.0
> set i element Pb
> set i position { 0 0 0 }
> r = createResidue PB
> add r i
> PB = createUnit PB
> add PB r
> saveOff PB ./atomic_ions.lib
Saving PB.
Building topology.
Building atom parameters.
> 
> #EU  
> i = createAtom EU Eu2+ 2.0
> set i element Eu
Unknown element: Eu
> set i position { 0 0 0 }
> r = createResidue EU
> add r i
> EU = createUnit EU
> add EU r
> saveOff EU ./atomic_ions.lib
Saving EU.
Building topology.
Building atom parameters.
> 
> #SR  
> i = createAtom SR Sr2+ 2.0
> set i element Sr
> set i position { 0 0 0 }
> r = createResidue SR
> add r i
> SR = createUnit SR
> add SR r
> saveOff SR ./atomic_ions.lib
Saving SR.
Building topology.
Building atom parameters.
> 
> #SM
> i = createAtom Sm Sm2+ 2.0
> set i element Sm
Unknown element: Sm
> set i position { 0 0 0 }
> r = createResidue Sm
> add r i
> Sm = createUnit Sm
> add Sm r
> saveOff Sm ./atomic_ions.lib
Saving Sm.
Building topology.
Building atom parameters.
> 
> #BA  
> i = createAtom BA Ba2+ 2.0
> set i element Ba
> set i position { 0 0 0 }
> r = createResidue BA
> add r i
> BA = createUnit BA
> add BA r
> saveOff BA ./atomic_ions.lib
Saving BA.
Building topology.
Building atom parameters.
> 
> #Ra
> i = createAtom Ra Ra2+ 2.0
> set i element Ra
Unknown element: Ra
> set i position { 0 0 0 }
> r = createResidue Ra
> add r i
> Ra = createUnit Ra
> add Ra r
> saveOff Ra ./atomic_ions.lib
Saving Ra.
Building topology.
Building atom parameters.
> 
> quit
	Quit
